<?xml version="1.0" encoding="UTF-8"?>
<!-- Generated by org.testng.reporters.JUnitReportReporter -->
<testsuite hostname="BLR-6PXG7T3" failures="0" tests="1" name="tests.FirstAPITest" time="1.842" errors="0" timestamp="2023-05-24T14:41:30 IST" skipped="0">
  <testcase classname="tests.FirstAPITest" name="demoTest2" time="1.842"/>
  <system-out/>
</testsuite> <!-- tests.FirstAPITest -->
