<?xml version="1.0" encoding="UTF-8"?>
<!-- Generated by org.testng.reporters.JUnitReportReporter -->
<testsuite hostname="BLR-6PXG7T3" failures="0" tests="2" name="tests.GetAndPostReqs" time="2.429" errors="0" timestamp="2023-05-24T19:41:49 IST" skipped="0">
  <testcase classname="tests.GetAndPostReqs" name="postReqTest" time="0.544"/>
  <system-out/>
  <testcase classname="tests.GetAndPostReqs" name="getReqTest" time="1.885"/>
  <system-out/>
</testsuite> <!-- tests.GetAndPostReqs -->
