<?xml version="1.0" encoding="UTF-8"?>
<!-- Generated by org.testng.reporters.JUnitReportReporter -->
<testsuite hostname="BLR-6PXG7T3" failures="0" tests="3" name="tests.PutPatchDeleteTests" time="3.337" errors="0" timestamp="2023-05-24T19:47:34 IST" skipped="0">
  <testcase classname="tests.PutPatchDeleteTests" name="patchTest" time="0.866"/>
  <system-out/>
  <testcase classname="tests.PutPatchDeleteTests" name="deleteTest" time="1.744"/>
  <system-out/>
  <testcase classname="tests.PutPatchDeleteTests" name="putTest" time="0.727"/>
  <system-out/>
</testsuite> <!-- tests.PutPatchDeleteTests -->
